  [1m[36m (9.6ms)[0m  [1mCREATE TABLE "schema_migrations" ("version" varchar NOT NULL) [0m
  [1m[35m (0.1ms)[0m  select sqlite_version(*)
  [1m[36m (12.9ms)[0m  [1mCREATE UNIQUE INDEX "unique_schema_migrations" ON "schema_migrations" ("version")[0m
  [1m[35mActiveRecord::SchemaMigration Load (1.5ms)[0m  SELECT "schema_migrations".* FROM "schema_migrations"
Migrating to CreateBlogs (20190811043523)
  [1m[36m (0.1ms)[0m  [1mbegin transaction[0m
  [1m[35m (5.2ms)[0m  CREATE TABLE "blogs" ("id" INTEGER PRIMARY KEY AUTOINCREMENT NOT NULL, "name" varchar, "description" text, "created_at" datetime NOT NULL, "updated_at" datetime NOT NULL) 
  [1m[36mSQL (2.3ms)[0m  [1mINSERT INTO "schema_migrations" ("version") VALUES (?)[0m  [["version", "20190811043523"]]
  [1m[35m (3.5ms)[0m  commit transaction
  [1m[36mActiveRecord::SchemaMigration Load (1.6ms)[0m  [1mSELECT "schema_migrations".* FROM "schema_migrations"[0m
  [1m[36mActiveRecord::SchemaMigration Load (1.9ms)[0m  [1mSELECT "schema_migrations".* FROM "schema_migrations"[0m
Migrating to CreatePosts (20190811044102)
  [1m[35m (0.1ms)[0m  begin transaction
  [1m[36m (3.2ms)[0m  [1mCREATE TABLE "posts" ("id" INTEGER PRIMARY KEY AUTOINCREMENT NOT NULL, "title" varchar, "content" text, "blog_id" integer, "created_at" datetime NOT NULL, "updated_at" datetime NOT NULL) [0m
  [1m[35m (0.1ms)[0m  select sqlite_version(*)
  [1m[36m (0.2ms)[0m  [1mCREATE  INDEX "index_posts_on_blog_id" ON "posts" ("blog_id")[0m
  [1m[35mSQL (1.0ms)[0m  INSERT INTO "schema_migrations" ("version") VALUES (?)  [["version", "20190811044102"]]
  [1m[36m (2.7ms)[0m  [1mcommit transaction[0m
Migrating to CreateMessages (20190811045652)
  [1m[35m (0.6ms)[0m  begin transaction
  [1m[36m (6.2ms)[0m  [1mCREATE TABLE "messages" ("id" INTEGER PRIMARY KEY AUTOINCREMENT NOT NULL, "author" varchar, "message" text, "post_id" integer, "created_at" datetime NOT NULL, "updated_at" datetime NOT NULL) [0m
  [1m[35m (0.2ms)[0m  CREATE  INDEX "index_messages_on_post_id" ON "messages" ("post_id")
  [1m[36mSQL (1.2ms)[0m  [1mINSERT INTO "schema_migrations" ("version") VALUES (?)[0m  [["version", "20190811045652"]]
  [1m[35m (3.9ms)[0m  commit transaction
  [1m[36mActiveRecord::SchemaMigration Load (2.0ms)[0m  [1mSELECT "schema_migrations".* FROM "schema_migrations"[0m
  [1m[35m (1.8ms)[0m              SELECT sql
            FROM sqlite_master
            WHERE name='index_messages_on_post_id' AND type='index'
            UNION ALL
            SELECT sql
            FROM sqlite_temp_master
            WHERE name='index_messages_on_post_id' AND type='index'

  [1m[36m (4.9ms)[0m  [1m            SELECT sql
            FROM sqlite_master
            WHERE name='index_posts_on_blog_id' AND type='index'
            UNION ALL
            SELECT sql
            FROM sqlite_temp_master
            WHERE name='index_posts_on_blog_id' AND type='index'
[0m
  [1m[36m (0.1ms)[0m  [1mbegin transaction[0m
  [1m[35mSQL (8.6ms)[0m  INSERT INTO "blogs" ("name", "description", "created_at", "updated_at") VALUES (?, ?, ?, ?)  [["name", "First Blog"], ["description", "This is a first blog ever"], ["created_at", "2019-08-11 05:21:19.406746"], ["updated_at", "2019-08-11 05:21:19.406746"]]
  [1m[36m (8.0ms)[0m  [1mcommit transaction[0m
  [1m[35m (0.1ms)[0m  begin transaction
  [1m[36mSQL (5.0ms)[0m  [1mINSERT INTO "blogs" ("name", "description", "created_at", "updated_at") VALUES (?, ?, ?, ?)[0m  [["name", "Second  Blog"], ["description", "This is blog to talk about my journey"], ["created_at", "2019-08-11 05:23:25.759695"], ["updated_at", "2019-08-11 05:23:25.759695"]]
  [1m[35m (4.0ms)[0m  commit transaction
  [1m[36m (0.2ms)[0m  [1mbegin transaction[0m
  [1m[35mSQL (5.0ms)[0m  INSERT INTO "blogs" ("name", "description", "created_at", "updated_at") VALUES (?, ?, ?, ?)  [["name", "Third Blog"], ["description", "This blog is to talk about my education"], ["created_at", "2019-08-11 05:24:16.603687"], ["updated_at", "2019-08-11 05:24:16.603687"]]
  [1m[36m (2.8ms)[0m  [1mcommit transaction[0m
  [1m[35m (0.4ms)[0m  begin transaction
  [1m[36mSQL (8.7ms)[0m  [1mINSERT INTO "blogs" ("name", "description", "created_at", "updated_at") VALUES (?, ?, ?, ?)[0m  [["name", "Fourth Blog"], ["description", "This blog is to talk about Food"], ["created_at", "2019-08-11 05:28:04.483361"], ["updated_at", "2019-08-11 05:28:04.483361"]]
  [1m[35m (5.4ms)[0m  commit transaction
  [1m[36m (0.9ms)[0m  [1mbegin transaction[0m
  [1m[35mSQL (5.3ms)[0m  INSERT INTO "blogs" ("name", "description", "created_at", "updated_at") VALUES (?, ?, ?, ?)  [["name", "Fifth Blog"], ["description", "This blog is to talk about Career"], ["created_at", "2019-08-11 05:29:05.330742"], ["updated_at", "2019-08-11 05:29:05.330742"]]
  [1m[36m (6.0ms)[0m  [1mcommit transaction[0m
  [1m[35mBlog Load (2.7ms)[0m  SELECT "blogs".* FROM "blogs"
  [1m[36mBlog Load (2.2ms)[0m  [1mSELECT "blogs".* FROM "blogs"[0m
  [1m[35mBlog Load (8.7ms)[0m  SELECT "blogs".* FROM "blogs"
  [1m[36mPost Load (2.4ms)[0m  [1mSELECT "posts".* FROM "posts"[0m
  [1m[35mBlog Load (6.9ms)[0m  SELECT  "blogs".* FROM "blogs"  ORDER BY "blogs"."id" ASC LIMIT 1
  [1m[36m (0.1ms)[0m  [1mbegin transaction[0m
  [1m[35mSQL (11.2ms)[0m  INSERT INTO "posts" ("title", "content", "blog_id", "created_at", "updated_at") VALUES (?, ?, ?, ?, ?)  [["title", "Sample1"], ["content", "This is first post for blog 1"], ["blog_id", 1], ["created_at", "2019-08-12 01:25:45.348860"], ["updated_at", "2019-08-12 01:25:45.348860"]]
  [1m[36m (8.6ms)[0m  [1mcommit transaction[0m
  [1m[35mBlog Load (2.6ms)[0m  SELECT  "blogs".* FROM "blogs"  ORDER BY "blogs"."id" ASC LIMIT 1
  [1m[36m (0.1ms)[0m  [1mbegin transaction[0m
  [1m[35mSQL (12.8ms)[0m  INSERT INTO "posts" ("title", "content", "blog_id", "created_at", "updated_at") VALUES (?, ?, ?, ?, ?)  [["title", "Sample1"], ["content", "This is second post for blog 1"], ["blog_id", 1], ["created_at", "2019-08-12 01:37:39.021188"], ["updated_at", "2019-08-12 01:37:39.021188"]]
  [1m[36m (4.8ms)[0m  [1mcommit transaction[0m
  [1m[35mBlog Load (2.1ms)[0m  SELECT  "blogs".* FROM "blogs"  ORDER BY "blogs"."id" ASC LIMIT 1 OFFSET 1
  [1m[36m (0.1ms)[0m  [1mbegin transaction[0m
  [1m[35mSQL (5.7ms)[0m  INSERT INTO "posts" ("title", "content", "blog_id", "created_at", "updated_at") VALUES (?, ?, ?, ?, ?)  [["title", "Sample2"], ["content", "This is first post for blog 2"], ["blog_id", 2], ["created_at", "2019-08-12 01:38:54.592708"], ["updated_at", "2019-08-12 01:38:54.592708"]]
  [1m[36m (7.5ms)[0m  [1mcommit transaction[0m
  [1m[35mBlog Load (2.8ms)[0m  SELECT  "blogs".* FROM "blogs"  ORDER BY "blogs"."id" ASC LIMIT 1 OFFSET 1
  [1m[36m (0.1ms)[0m  [1mbegin transaction[0m
  [1m[35mSQL (6.7ms)[0m  INSERT INTO "posts" ("title", "content", "blog_id", "created_at", "updated_at") VALUES (?, ?, ?, ?, ?)  [["title", "Sample2"], ["content", "This is second post for blog 2"], ["blog_id", 2], ["created_at", "2019-08-12 01:39:15.875695"], ["updated_at", "2019-08-12 01:39:15.875695"]]
  [1m[36m (5.3ms)[0m  [1mcommit transaction[0m
  [1m[35mBlog Load (15.2ms)[0m  SELECT  "blogs".* FROM "blogs"  ORDER BY "blogs"."id" ASC LIMIT 1 OFFSET 2
  [1m[36m (0.1ms)[0m  [1mbegin transaction[0m
  [1m[35mSQL (8.0ms)[0m  INSERT INTO "posts" ("title", "content", "blog_id", "created_at", "updated_at") VALUES (?, ?, ?, ?, ?)  [["title", "Sample3"], ["content", "This is first post for blog 3"], ["blog_id", 3], ["created_at", "2019-08-12 01:40:06.143551"], ["updated_at", "2019-08-12 01:40:06.143551"]]
  [1m[36m (7.2ms)[0m  [1mcommit transaction[0m
  [1m[35mBlog Load (2.9ms)[0m  SELECT  "blogs".* FROM "blogs"  ORDER BY "blogs"."id" ASC LIMIT 1 OFFSET 2
  [1m[36m (0.1ms)[0m  [1mbegin transaction[0m
  [1m[35mSQL (4.8ms)[0m  INSERT INTO "posts" ("title", "content", "blog_id", "created_at", "updated_at") VALUES (?, ?, ?, ?, ?)  [["title", "Sample3"], ["content", "This is second post for blog 3"], ["blog_id", 3], ["created_at", "2019-08-12 01:40:29.054401"], ["updated_at", "2019-08-12 01:40:29.054401"]]
  [1m[36m (5.1ms)[0m  [1mcommit transaction[0m
  [1m[35mBlog Load (2.6ms)[0m  SELECT  "blogs".* FROM "blogs"  ORDER BY "blogs"."id" ASC LIMIT 1 OFFSET 3
  [1m[36m (0.1ms)[0m  [1mbegin transaction[0m
  [1m[35mSQL (6.7ms)[0m  INSERT INTO "posts" ("title", "content", "blog_id", "created_at", "updated_at") VALUES (?, ?, ?, ?, ?)  [["title", "Sample4"], ["content", "This is first post for blog 4"], ["blog_id", 4], ["created_at", "2019-08-12 01:41:02.636970"], ["updated_at", "2019-08-12 01:41:02.636970"]]
  [1m[36m (6.0ms)[0m  [1mcommit transaction[0m
  [1m[35mBlog Load (3.7ms)[0m  SELECT  "blogs".* FROM "blogs"  ORDER BY "blogs"."id" ASC LIMIT 1 OFFSET 3
  [1m[36m (0.1ms)[0m  [1mbegin transaction[0m
  [1m[35mSQL (3.4ms)[0m  INSERT INTO "posts" ("title", "content", "blog_id", "created_at", "updated_at") VALUES (?, ?, ?, ?, ?)  [["title", "Sample4"], ["content", "This is second post for blog 4"], ["blog_id", 4], ["created_at", "2019-08-12 01:41:22.737350"], ["updated_at", "2019-08-12 01:41:22.737350"]]
  [1m[36m (5.5ms)[0m  [1mcommit transaction[0m
  [1m[35mBlog Load (3.0ms)[0m  SELECT  "blogs".* FROM "blogs"  ORDER BY "blogs"."id" ASC LIMIT 1 OFFSET 4
  [1m[36m (0.1ms)[0m  [1mbegin transaction[0m
  [1m[35mSQL (5.7ms)[0m  INSERT INTO "posts" ("title", "content", "blog_id", "created_at", "updated_at") VALUES (?, ?, ?, ?, ?)  [["title", "Sample5"], ["content", "This is first post for blog 5"], ["blog_id", 5], ["created_at", "2019-08-12 01:42:02.210078"], ["updated_at", "2019-08-12 01:42:02.210078"]]
  [1m[36m (4.9ms)[0m  [1mcommit transaction[0m
  [1m[35mBlog Load (3.0ms)[0m  SELECT  "blogs".* FROM "blogs"  ORDER BY "blogs"."id" ASC LIMIT 1 OFFSET 4
  [1m[36m (0.1ms)[0m  [1mbegin transaction[0m
  [1m[35mSQL (3.3ms)[0m  INSERT INTO "posts" ("title", "content", "blog_id", "created_at", "updated_at") VALUES (?, ?, ?, ?, ?)  [["title", "Sample5"], ["content", "This is second post for blog 5"], ["blog_id", 5], ["created_at", "2019-08-12 01:42:24.176394"], ["updated_at", "2019-08-12 01:42:24.176394"]]
  [1m[36m (4.6ms)[0m  [1mcommit transaction[0m
  [1m[35mPost Load (12.6ms)[0m  SELECT "posts".* FROM "posts"
  [1m[36mPost Load (5.6ms)[0m  [1mSELECT  "posts".* FROM "posts"  ORDER BY "posts"."id" ASC LIMIT 1[0m
  [1m[35m (0.1ms)[0m  begin transaction
  [1m[36mSQL (11.1ms)[0m  [1mINSERT INTO "messages" ("author", "message", "post_id", "created_at", "updated_at") VALUES (?, ?, ?, ?, ?)[0m  [["author", "Amy"], ["message", "let this be a comment for the first post"], ["post_id", 1], ["created_at", "2019-08-12 01:48:31.799248"], ["updated_at", "2019-08-12 01:48:31.799248"]]
  [1m[35m (4.4ms)[0m  commit transaction
  [1m[36mPost Load (2.8ms)[0m  [1mSELECT  "posts".* FROM "posts"  ORDER BY "posts"."id" ASC LIMIT 1[0m
  [1m[35m (0.1ms)[0m  begin transaction
  [1m[36mSQL (6.7ms)[0m  [1mINSERT INTO "messages" ("author", "message", "post_id", "created_at", "updated_at") VALUES (?, ?, ?, ?, ?)[0m  [["author", "Ben"], ["message", "I would like to know more about the post"], ["post_id", 1], ["created_at", "2019-08-12 01:49:57.651397"], ["updated_at", "2019-08-12 01:49:57.651397"]]
  [1m[35m (6.4ms)[0m  commit transaction
  [1m[36mMessage Load (9.5ms)[0m  [1mSELECT "messages".* FROM "messages"[0m
